{"C:\\KLOD\\DO_PUPLIKACJI_GITHUB\\newsletter-creator\\src\\lib\\Entries.svelte": {"path":"C:\\KLOD\\DO_PUPLIKACJI_GITHUB\\newsletter-creator\\src\\lib\\Entries.svelte","all":false,"statementMap":{"0":{"start":{"line":1,"column":0},"end":{"line":1,"column":8}},"1":{"start":{"line":2,"column":0},"end":{"line":2,"column":39}},"2":{"start":{"line":3,"column":0},"end":{"line":3,"column":51}},"3":{"start":{"line":4,"column":0},"end":{"line":4,"column":23}},"4":{"start":{"line":5,"column":0},"end":{"line":5,"column":0}},"5":{"start":{"line":6,"column":0},"end":{"line":6,"column":42}},"6":{"start":{"line":7,"column":0},"end":{"line":7,"column":31}},"7":{"start":{"line":8,"column":0},"end":{"line":8,"column":41}},"8":{"start":{"line":9,"column":0},"end":{"line":9,"column":8}},"9":{"start":{"line":10,"column":0},"end":{"line":10,"column":9}},"10":{"start":{"line":11,"column":0},"end":{"line":11,"column":0}},"11":{"start":{"line":12,"column":0},"end":{"line":12,"column":24}},"12":{"start":{"line":13,"column":0},"end":{"line":13,"column":35}},"13":{"start":{"line":14,"column":0},"end":{"line":14,"column":7}}},"s":{"0":1,"1":1,"2":1,"3":1,"4":1,"5":1,"6":1,"7":1,"8":1,"9":1,"10":1,"11":1,"12":1,"13":1},"branchMap":{},"b":{},"fnMap":{},"f":{}}
,"C:\\KLOD\\DO_PUPLIKACJI_GITHUB\\newsletter-creator\\src\\lib\\Entry.svelte": {"path":"C:\\KLOD\\DO_PUPLIKACJI_GITHUB\\newsletter-creator\\src\\lib\\Entry.svelte","all":false,"statementMap":{"0":{"start":{"line":1,"column":0},"end":{"line":1,"column":18}},"1":{"start":{"line":2,"column":0},"end":{"line":2,"column":51}},"2":{"start":{"line":3,"column":0},"end":{"line":3,"column":28}},"3":{"start":{"line":4,"column":0},"end":{"line":4,"column":27}},"4":{"start":{"line":5,"column":0},"end":{"line":5,"column":27}},"5":{"start":{"line":6,"column":0},"end":{"line":6,"column":0}},"6":{"start":{"line":7,"column":0},"end":{"line":7,"column":42}},"7":{"start":{"line":8,"column":0},"end":{"line":8,"column":32}},"8":{"start":{"line":9,"column":0},"end":{"line":9,"column":35}},"9":{"start":{"line":10,"column":0},"end":{"line":10,"column":5}},"10":{"start":{"line":11,"column":0},"end":{"line":11,"column":0}},"11":{"start":{"line":12,"column":0},"end":{"line":12,"column":9}},"12":{"start":{"line":13,"column":0},"end":{"line":13,"column":16}},"13":{"start":{"line":14,"column":0},"end":{"line":14,"column":0}},"14":{"start":{"line":15,"column":0},"end":{"line":15,"column":13}},"15":{"start":{"line":16,"column":0},"end":{"line":16,"column":0}},"16":{"start":{"line":17,"column":0},"end":{"line":17,"column":13}},"17":{"start":{"line":18,"column":0},"end":{"line":18,"column":0}},"18":{"start":{"line":19,"column":0},"end":{"line":19,"column":50}},"19":{"start":{"line":20,"column":0},"end":{"line":20,"column":0}},"20":{"start":{"line":21,"column":0},"end":{"line":21,"column":5}}},"s":{"0":1,"1":1,"2":1,"3":1,"4":1,"5":1,"6":1,"7":1,"8":1,"9":1,"10":1,"11":1,"12":1,"13":1,"14":1,"15":1,"16":1,"17":1,"18":1,"19":1,"20":1},"branchMap":{},"b":{},"fnMap":{},"f":{}}
,"C:\\KLOD\\DO_PUPLIKACJI_GITHUB\\newsletter-creator\\src\\lib\\Form.svelte": {"path":"C:\\KLOD\\DO_PUPLIKACJI_GITHUB\\newsletter-creator\\src\\lib\\Form.svelte","all":false,"statementMap":{"0":{"start":{"line":1,"column":0},"end":{"line":1,"column":18}},"1":{"start":{"line":2,"column":0},"end":{"line":2,"column":51}},"2":{"start":{"line":3,"column":0},"end":{"line":3,"column":18}},"3":{"start":{"line":4,"column":0},"end":{"line":4,"column":17}},"4":{"start":{"line":5,"column":0},"end":{"line":5,"column":17}},"5":{"start":{"line":6,"column":0},"end":{"line":6,"column":21}},"6":{"start":{"line":7,"column":0},"end":{"line":7,"column":42}},"7":{"start":{"line":8,"column":0},"end":{"line":8,"column":29}},"8":{"start":{"line":9,"column":0},"end":{"line":9,"column":64}},"9":{"start":{"line":10,"column":0},"end":{"line":10,"column":56}},"10":{"start":{"line":11,"column":0},"end":{"line":11,"column":8}},"11":{"start":{"line":12,"column":0},"end":{"line":12,"column":56}},"12":{"start":{"line":13,"column":0},"end":{"line":13,"column":65}},"13":{"start":{"line":14,"column":0},"end":{"line":14,"column":66}},"14":{"start":{"line":15,"column":0},"end":{"line":15,"column":76}},"15":{"start":{"line":16,"column":0},"end":{"line":16,"column":25}},"16":{"start":{"line":17,"column":0},"end":{"line":17,"column":32}},"17":{"start":{"line":18,"column":0},"end":{"line":18,"column":16}},"18":{"start":{"line":19,"column":0},"end":{"line":19,"column":21}},"19":{"start":{"line":20,"column":0},"end":{"line":20,"column":33}},"20":{"start":{"line":21,"column":0},"end":{"line":21,"column":31}},"21":{"start":{"line":22,"column":0},"end":{"line":22,"column":30}},"22":{"start":{"line":23,"column":0},"end":{"line":23,"column":13}},"23":{"start":{"line":24,"column":0},"end":{"line":24,"column":47}},"24":{"start":{"line":25,"column":0},"end":{"line":25,"column":0}},"25":{"start":{"line":26,"column":0},"end":{"line":26,"column":9}},"26":{"start":{"line":27,"column":0},"end":{"line":27,"column":37}},"27":{"start":{"line":28,"column":0},"end":{"line":28,"column":42}},"28":{"start":{"line":29,"column":0},"end":{"line":29,"column":5}},"29":{"start":{"line":30,"column":0},"end":{"line":30,"column":9}},"30":{"start":{"line":31,"column":0},"end":{"line":31,"column":0}},"31":{"start":{"line":32,"column":0},"end":{"line":32,"column":46}},"32":{"start":{"line":33,"column":0},"end":{"line":33,"column":62}},"33":{"start":{"line":34,"column":0},"end":{"line":34,"column":81}},"34":{"start":{"line":35,"column":0},"end":{"line":35,"column":84}},"35":{"start":{"line":36,"column":0},"end":{"line":36,"column":78}},"36":{"start":{"line":37,"column":0},"end":{"line":37,"column":31}},"37":{"start":{"line":38,"column":0},"end":{"line":38,"column":7}}},"s":{"0":1,"1":1,"2":1,"3":1,"4":1,"5":1,"6":1,"7":1,"8":1,"9":1,"10":1,"11":1,"12":1,"13":1,"14":1,"15":1,"16":1,"17":1,"18":1,"19":1,"20":1,"21":1,"22":1,"23":1,"24":1,"25":1,"26":1,"27":1,"28":1,"29":1,"30":1,"31":1,"32":1,"33":1,"34":1,"35":1,"36":1,"37":1},"branchMap":{"0":{"type":"branch","line":34,"loc":{"start":{"line":34,"column":70},"end":{"line":34,"column":81}},"locations":[{"start":{"line":34,"column":70},"end":{"line":34,"column":81}}]},"1":{"type":"branch","line":36,"loc":{"start":{"line":36,"column":68},"end":{"line":36,"column":78}},"locations":[{"start":{"line":36,"column":68},"end":{"line":36,"column":78}}]},"2":{"type":"branch","line":12,"loc":{"start":{"line":12,"column":51},"end":{"line":13,"column":48}},"locations":[{"start":{"line":12,"column":51},"end":{"line":13,"column":48}}]},"3":{"type":"branch","line":13,"loc":{"start":{"line":13,"column":36},"end":{"line":13,"column":65}},"locations":[{"start":{"line":13,"column":36},"end":{"line":13,"column":65}}]},"4":{"type":"branch","line":13,"loc":{"start":{"line":13,"column":60},"end":{"line":14,"column":49}},"locations":[{"start":{"line":13,"column":60},"end":{"line":14,"column":49}}]},"5":{"type":"branch","line":14,"loc":{"start":{"line":14,"column":36},"end":{"line":14,"column":66}},"locations":[{"start":{"line":14,"column":36},"end":{"line":14,"column":66}}]}},"b":{"0":[2],"1":[2],"2":[1],"3":[1],"4":[1],"5":[1]},"fnMap":{},"f":{}}
,"C:\\KLOD\\DO_PUPLIKACJI_GITHUB\\newsletter-creator\\src\\lib\\HtmlRep.svelte": {"path":"C:\\KLOD\\DO_PUPLIKACJI_GITHUB\\newsletter-creator\\src\\lib\\HtmlRep.svelte","all":false,"statementMap":{"0":{"start":{"line":1,"column":0},"end":{"line":1,"column":18}},"1":{"start":{"line":2,"column":0},"end":{"line":2,"column":31}},"2":{"start":{"line":3,"column":0},"end":{"line":3,"column":27}},"3":{"start":{"line":4,"column":0},"end":{"line":4,"column":41}},"4":{"start":{"line":5,"column":0},"end":{"line":5,"column":59}},"5":{"start":{"line":6,"column":0},"end":{"line":6,"column":5}},"6":{"start":{"line":7,"column":0},"end":{"line":7,"column":9}},"7":{"start":{"line":8,"column":0},"end":{"line":8,"column":0}},"8":{"start":{"line":9,"column":0},"end":{"line":9,"column":5}},"9":{"start":{"line":10,"column":0},"end":{"line":10,"column":71}},"10":{"start":{"line":11,"column":0},"end":{"line":11,"column":9}},"11":{"start":{"line":12,"column":0},"end":{"line":12,"column":56}},"12":{"start":{"line":13,"column":0},"end":{"line":13,"column":10}},"13":{"start":{"line":14,"column":0},"end":{"line":14,"column":6}}},"s":{"0":1,"1":1,"2":1,"3":1,"4":1,"5":1,"6":1,"7":1,"8":1,"9":1,"10":1,"11":1,"12":1,"13":1},"branchMap":{"0":{"type":"branch","line":5,"loc":{"start":{"line":5,"column":21},"end":{"line":5,"column":59}},"locations":[{"start":{"line":5,"column":21},"end":{"line":5,"column":59}}]}},"b":{"0":[2]},"fnMap":{},"f":{}}
,"C:\\KLOD\\DO_PUPLIKACJI_GITHUB\\newsletter-creator\\src\\lib\\utils\\body.ts": {"path":"C:\\KLOD\\DO_PUPLIKACJI_GITHUB\\newsletter-creator\\src\\lib\\utils\\body.ts","all":false,"statementMap":{"0":{"start":{"line":1,"column":0},"end":{"line":1,"column":78}},"1":{"start":{"line":2,"column":0},"end":{"line":2,"column":12}},"2":{"start":{"line":3,"column":0},"end":{"line":3,"column":9}},"3":{"start":{"line":4,"column":0},"end":{"line":4,"column":83}},"4":{"start":{"line":5,"column":0},"end":{"line":5,"column":15}},"5":{"start":{"line":6,"column":0},"end":{"line":6,"column":12}},"6":{"start":{"line":7,"column":0},"end":{"line":7,"column":48}},"7":{"start":{"line":8,"column":0},"end":{"line":8,"column":42}},"8":{"start":{"line":9,"column":0},"end":{"line":9,"column":19}},"9":{"start":{"line":10,"column":0},"end":{"line":10,"column":16}},"10":{"start":{"line":11,"column":0},"end":{"line":11,"column":140}},"11":{"start":{"line":12,"column":0},"end":{"line":12,"column":24}},"12":{"start":{"line":13,"column":0},"end":{"line":13,"column":21}},"13":{"start":{"line":14,"column":0},"end":{"line":14,"column":17}},"14":{"start":{"line":15,"column":0},"end":{"line":15,"column":16}},"15":{"start":{"line":16,"column":0},"end":{"line":16,"column":128}},"16":{"start":{"line":17,"column":0},"end":{"line":17,"column":17}},"17":{"start":{"line":18,"column":0},"end":{"line":18,"column":20}},"18":{"start":{"line":19,"column":0},"end":{"line":19,"column":20}},"19":{"start":{"line":20,"column":0},"end":{"line":20,"column":17}},"20":{"start":{"line":21,"column":0},"end":{"line":21,"column":13}},"21":{"start":{"line":22,"column":0},"end":{"line":22,"column":16}},"22":{"start":{"line":23,"column":0},"end":{"line":23,"column":16}},"23":{"start":{"line":24,"column":0},"end":{"line":24,"column":4}},"24":{"start":{"line":25,"column":0},"end":{"line":25,"column":85}},"25":{"start":{"line":26,"column":0},"end":{"line":26,"column":15}},"26":{"start":{"line":27,"column":0},"end":{"line":27,"column":25}},"27":{"start":{"line":28,"column":0},"end":{"line":28,"column":187}},"28":{"start":{"line":29,"column":0},"end":{"line":29,"column":197}},"29":{"start":{"line":30,"column":0},"end":{"line":30,"column":4}},"30":{"start":{"line":31,"column":0},"end":{"line":31,"column":231}},"31":{"start":{"line":32,"column":0},"end":{"line":32,"column":195}},"32":{"start":{"line":33,"column":0},"end":{"line":33,"column":13}},"33":{"start":{"line":34,"column":0},"end":{"line":34,"column":16}},"34":{"start":{"line":35,"column":0},"end":{"line":35,"column":16}},"35":{"start":{"line":36,"column":0},"end":{"line":36,"column":9}},"36":{"start":{"line":37,"column":0},"end":{"line":37,"column":5}},"37":{"start":{"line":38,"column":0},"end":{"line":38,"column":1}}},"s":{"0":1,"1":1,"2":1,"3":1,"4":1,"5":1,"6":1,"7":1,"8":1,"9":1,"10":1,"11":1,"12":1,"13":1,"14":1,"15":1,"16":1,"17":1,"18":1,"19":1,"20":1,"21":1,"22":1,"23":1,"24":1,"25":1,"26":1,"27":1,"28":1,"29":1,"30":1,"31":1,"32":1,"33":1,"34":1,"35":1,"36":1,"37":1},"branchMap":{"0":{"type":"branch","line":1,"loc":{"start":{"line":1,"column":77},"end":{"line":38,"column":1}},"locations":[{"start":{"line":1,"column":77},"end":{"line":38,"column":1}}]},"1":{"type":"branch","line":38,"loc":{"start":{"line":38,"column":0},"end":{"line":38,"column":1}},"locations":[{"start":{"line":38,"column":0},"end":{"line":38,"column":1}}]}},"b":{"0":[1],"1":[1]},"fnMap":{"0":{"name":"generateTopicBody","decl":{"start":{"line":1,"column":77},"end":{"line":38,"column":1}},"loc":{"start":{"line":1,"column":77},"end":{"line":38,"column":1}},"line":1},"1":{"name":"get","decl":{"start":{"line":38,"column":0},"end":{"line":38,"column":1}},"loc":{"start":{"line":38,"column":0},"end":{"line":38,"column":1}},"line":38}},"f":{"0":1,"1":1}}
,"C:\\KLOD\\DO_PUPLIKACJI_GITHUB\\newsletter-creator\\src\\lib\\utils\\dates.ts": {"path":"C:\\KLOD\\DO_PUPLIKACJI_GITHUB\\newsletter-creator\\src\\lib\\utils\\dates.ts","all":false,"statementMap":{"0":{"start":{"line":1,"column":0},"end":{"line":1,"column":42}},"1":{"start":{"line":2,"column":0},"end":{"line":2,"column":57}},"2":{"start":{"line":3,"column":0},"end":{"line":3,"column":22}},"3":{"start":{"line":4,"column":0},"end":{"line":4,"column":57}},"4":{"start":{"line":5,"column":0},"end":{"line":5,"column":50}},"5":{"start":{"line":6,"column":0},"end":{"line":6,"column":74}},"6":{"start":{"line":7,"column":0},"end":{"line":7,"column":41}},"7":{"start":{"line":8,"column":0},"end":{"line":8,"column":48}},"8":{"start":{"line":9,"column":0},"end":{"line":9,"column":43}},"9":{"start":{"line":10,"column":0},"end":{"line":10,"column":44}},"10":{"start":{"line":11,"column":0},"end":{"line":11,"column":46}},"11":{"start":{"line":12,"column":0},"end":{"line":12,"column":46}},"12":{"start":{"line":13,"column":0},"end":{"line":13,"column":40}},"13":{"start":{"line":14,"column":0},"end":{"line":14,"column":38}},"14":{"start":{"line":15,"column":0},"end":{"line":15,"column":1}},"15":{"start":{"line":16,"column":0},"end":{"line":16,"column":0}},"16":{"start":{"line":17,"column":0},"end":{"line":17,"column":44}},"17":{"start":{"line":18,"column":0},"end":{"line":18,"column":59}},"18":{"start":{"line":19,"column":0},"end":{"line":19,"column":58}},"19":{"start":{"line":20,"column":0},"end":{"line":20,"column":75}},"20":{"start":{"line":21,"column":0},"end":{"line":21,"column":1}},"21":{"start":{"line":22,"column":0},"end":{"line":22,"column":0}},"22":{"start":{"line":23,"column":0},"end":{"line":23,"column":43}},"23":{"start":{"line":24,"column":0},"end":{"line":24,"column":28}},"24":{"start":{"line":25,"column":0},"end":{"line":25,"column":1}}},"s":{"0":1,"1":2,"2":2,"3":2,"4":2,"5":2,"6":2,"7":2,"8":2,"9":2,"10":2,"11":2,"12":2,"13":2,"14":2,"15":1,"16":1,"17":2,"18":2,"19":2,"20":2,"21":1,"22":1,"23":2,"24":2},"branchMap":{"0":{"type":"branch","line":1,"loc":{"start":{"line":1,"column":41},"end":{"line":15,"column":1}},"locations":[{"start":{"line":1,"column":41},"end":{"line":15,"column":1}}]},"1":{"type":"branch","line":15,"loc":{"start":{"line":15,"column":0},"end":{"line":15,"column":1}},"locations":[{"start":{"line":15,"column":0},"end":{"line":15,"column":1}}]},"2":{"type":"branch","line":17,"loc":{"start":{"line":17,"column":7},"end":{"line":21,"column":1}},"locations":[{"start":{"line":17,"column":7},"end":{"line":21,"column":1}}]},"3":{"type":"branch","line":21,"loc":{"start":{"line":21,"column":0},"end":{"line":21,"column":1}},"locations":[{"start":{"line":21,"column":0},"end":{"line":21,"column":1}}]},"4":{"type":"branch","line":23,"loc":{"start":{"line":23,"column":7},"end":{"line":25,"column":1}},"locations":[{"start":{"line":23,"column":7},"end":{"line":25,"column":1}}]},"5":{"type":"branch","line":25,"loc":{"start":{"line":25,"column":0},"end":{"line":25,"column":1}},"locations":[{"start":{"line":25,"column":0},"end":{"line":25,"column":1}}]}},"b":{"0":[2],"1":[2],"2":[2],"3":[2],"4":[2],"5":[2]},"fnMap":{"0":{"name":"dateToISO","decl":{"start":{"line":1,"column":41},"end":{"line":15,"column":1}},"loc":{"start":{"line":1,"column":41},"end":{"line":15,"column":1}},"line":1},"1":{"name":"get","decl":{"start":{"line":15,"column":0},"end":{"line":15,"column":1}},"loc":{"start":{"line":15,"column":0},"end":{"line":15,"column":1}},"line":15},"2":{"name":"dateToLocal","decl":{"start":{"line":17,"column":7},"end":{"line":21,"column":1}},"loc":{"start":{"line":17,"column":7},"end":{"line":21,"column":1}},"line":17},"3":{"name":"get","decl":{"start":{"line":21,"column":0},"end":{"line":21,"column":1}},"loc":{"start":{"line":21,"column":0},"end":{"line":21,"column":1}},"line":21},"4":{"name":"ISOToDate","decl":{"start":{"line":23,"column":7},"end":{"line":25,"column":1}},"loc":{"start":{"line":23,"column":7},"end":{"line":25,"column":1}},"line":23},"5":{"name":"get","decl":{"start":{"line":25,"column":0},"end":{"line":25,"column":1}},"loc":{"start":{"line":25,"column":0},"end":{"line":25,"column":1}},"line":25}},"f":{"0":2,"1":2,"2":2,"3":2,"4":2,"5":2}}
,"C:\\KLOD\\DO_PUPLIKACJI_GITHUB\\newsletter-creator\\src\\lib\\utils\\html.ts": {"path":"C:\\KLOD\\DO_PUPLIKACJI_GITHUB\\newsletter-creator\\src\\lib\\utils\\html.ts","all":false,"statementMap":{"0":{"start":{"line":1,"column":0},"end":{"line":1,"column":54}},"1":{"start":{"line":2,"column":0},"end":{"line":2,"column":37}},"2":{"start":{"line":3,"column":0},"end":{"line":3,"column":36}},"3":{"start":{"line":4,"column":0},"end":{"line":4,"column":36}},"4":{"start":{"line":5,"column":0},"end":{"line":5,"column":38}},"5":{"start":{"line":6,"column":0},"end":{"line":6,"column":38}},"6":{"start":{"line":7,"column":0},"end":{"line":7,"column":16}},"7":{"start":{"line":8,"column":0},"end":{"line":8,"column":4}},"8":{"start":{"line":9,"column":0},"end":{"line":9,"column":25}},"9":{"start":{"line":10,"column":0},"end":{"line":10,"column":55}},"10":{"start":{"line":11,"column":0},"end":{"line":11,"column":48}},"11":{"start":{"line":12,"column":0},"end":{"line":12,"column":58}},"12":{"start":{"line":13,"column":0},"end":{"line":13,"column":43}},"13":{"start":{"line":14,"column":0},"end":{"line":14,"column":56}},"14":{"start":{"line":15,"column":0},"end":{"line":15,"column":72}},"15":{"start":{"line":16,"column":0},"end":{"line":16,"column":11}},"16":{"start":{"line":17,"column":0},"end":{"line":17,"column":4}},"17":{"start":{"line":18,"column":0},"end":{"line":18,"column":65}},"18":{"start":{"line":19,"column":0},"end":{"line":19,"column":30}},"19":{"start":{"line":20,"column":0},"end":{"line":20,"column":42}},"20":{"start":{"line":21,"column":0},"end":{"line":21,"column":72}},"21":{"start":{"line":22,"column":0},"end":{"line":22,"column":11}},"22":{"start":{"line":23,"column":0},"end":{"line":23,"column":4}},"23":{"start":{"line":24,"column":0},"end":{"line":24,"column":62}},"24":{"start":{"line":25,"column":0},"end":{"line":25,"column":30}},"25":{"start":{"line":26,"column":0},"end":{"line":26,"column":42}},"26":{"start":{"line":27,"column":0},"end":{"line":27,"column":72}},"27":{"start":{"line":28,"column":0},"end":{"line":28,"column":11}},"28":{"start":{"line":29,"column":0},"end":{"line":29,"column":4}},"29":{"start":{"line":30,"column":0},"end":{"line":30,"column":60}},"30":{"start":{"line":31,"column":0},"end":{"line":31,"column":42}},"31":{"start":{"line":32,"column":0},"end":{"line":32,"column":61}},"32":{"start":{"line":33,"column":0},"end":{"line":33,"column":72}},"33":{"start":{"line":34,"column":0},"end":{"line":34,"column":11}},"34":{"start":{"line":35,"column":0},"end":{"line":35,"column":4}},"35":{"start":{"line":36,"column":0},"end":{"line":36,"column":60}},"36":{"start":{"line":37,"column":0},"end":{"line":37,"column":45}},"37":{"start":{"line":38,"column":0},"end":{"line":38,"column":59}},"38":{"start":{"line":39,"column":0},"end":{"line":39,"column":72}},"39":{"start":{"line":40,"column":0},"end":{"line":40,"column":11}},"40":{"start":{"line":41,"column":0},"end":{"line":41,"column":4}},"41":{"start":{"line":42,"column":0},"end":{"line":42,"column":94}},"42":{"start":{"line":43,"column":0},"end":{"line":43,"column":68}},"43":{"start":{"line":44,"column":0},"end":{"line":44,"column":63}},"44":{"start":{"line":45,"column":0},"end":{"line":45,"column":11}},"45":{"start":{"line":46,"column":0},"end":{"line":46,"column":4}},"46":{"start":{"line":47,"column":0},"end":{"line":47,"column":54}},"47":{"start":{"line":48,"column":0},"end":{"line":48,"column":25}},"48":{"start":{"line":49,"column":0},"end":{"line":49,"column":63}},"49":{"start":{"line":50,"column":0},"end":{"line":50,"column":11}},"50":{"start":{"line":51,"column":0},"end":{"line":51,"column":7}},"51":{"start":{"line":52,"column":0},"end":{"line":52,"column":1}}},"s":{"0":1,"1":7,"2":7,"3":7,"4":7,"5":7,"6":7,"7":1,"8":1,"9":1,"10":1,"11":1,"12":1,"13":1,"14":1,"15":1,"16":1,"17":1,"18":1,"19":1,"20":1,"21":1,"22":1,"23":1,"24":1,"25":1,"26":1,"27":1,"28":1,"29":1,"30":1,"31":1,"32":1,"33":1,"34":1,"35":1,"36":1,"37":1,"38":1,"39":1,"40":1,"41":1,"42":1,"43":1,"44":1,"45":1,"46":1,"47":1,"48":1,"49":1,"50":1,"51":1},"branchMap":{"0":{"type":"branch","line":1,"loc":{"start":{"line":1,"column":53},"end":{"line":7,"column":16}},"locations":[{"start":{"line":1,"column":53},"end":{"line":7,"column":16}}]},"1":{"type":"branch","line":11,"loc":{"start":{"line":11,"column":41},"end":{"line":51,"column":5}},"locations":[{"start":{"line":11,"column":41},"end":{"line":51,"column":5}}]},"2":{"type":"branch","line":12,"loc":{"start":{"line":12,"column":51},"end":{"line":16,"column":9}},"locations":[{"start":{"line":12,"column":51},"end":{"line":16,"column":9}}]},"3":{"type":"branch","line":18,"loc":{"start":{"line":18,"column":58},"end":{"line":22,"column":9}},"locations":[{"start":{"line":18,"column":58},"end":{"line":22,"column":9}}]},"4":{"type":"branch","line":24,"loc":{"start":{"line":24,"column":55},"end":{"line":28,"column":9}},"locations":[{"start":{"line":24,"column":55},"end":{"line":28,"column":9}}]},"5":{"type":"branch","line":30,"loc":{"start":{"line":30,"column":53},"end":{"line":34,"column":9}},"locations":[{"start":{"line":30,"column":53},"end":{"line":34,"column":9}}]},"6":{"type":"branch","line":36,"loc":{"start":{"line":36,"column":53},"end":{"line":40,"column":9}},"locations":[{"start":{"line":36,"column":53},"end":{"line":40,"column":9}}]},"7":{"type":"branch","line":42,"loc":{"start":{"line":42,"column":87},"end":{"line":45,"column":9}},"locations":[{"start":{"line":42,"column":87},"end":{"line":45,"column":9}}]},"8":{"type":"branch","line":47,"loc":{"start":{"line":47,"column":47},"end":{"line":50,"column":9}},"locations":[{"start":{"line":47,"column":47},"end":{"line":50,"column":9}}]}},"b":{"0":[7],"1":[1],"2":[1],"3":[1],"4":[1],"5":[1],"6":[1],"7":[1],"8":[1]},"fnMap":{"0":{"name":"encodeReservedCharacters","decl":{"start":{"line":1,"column":53},"end":{"line":7,"column":16}},"loc":{"start":{"line":1,"column":53},"end":{"line":7,"column":16}},"line":1},"1":{"name":"get","decl":{"start":{"line":7,"column":15},"end":{"line":7,"column":16}},"loc":{"start":{"line":7,"column":15},"end":{"line":7,"column":16}},"line":7}},"f":{"0":7,"1":0}}
,"C:\\KLOD\\DO_PUPLIKACJI_GITHUB\\newsletter-creator\\src\\lib\\utils\\prefix.ts": {"path":"C:\\KLOD\\DO_PUPLIKACJI_GITHUB\\newsletter-creator\\src\\lib\\utils\\prefix.ts","all":false,"statementMap":{"0":{"start":{"line":1,"column":0},"end":{"line":1,"column":38}},"1":{"start":{"line":2,"column":0},"end":{"line":2,"column":12}},"2":{"start":{"line":3,"column":0},"end":{"line":3,"column":7}},"3":{"start":{"line":4,"column":0},"end":{"line":4,"column":6}},"4":{"start":{"line":5,"column":0},"end":{"line":5,"column":28}},"5":{"start":{"line":6,"column":0},"end":{"line":6,"column":41}},"6":{"start":{"line":7,"column":0},"end":{"line":7,"column":7}},"7":{"start":{"line":8,"column":0},"end":{"line":8,"column":0}},"8":{"start":{"line":9,"column":0},"end":{"line":9,"column":88}},"9":{"start":{"line":10,"column":0},"end":{"line":10,"column":82}},"10":{"start":{"line":11,"column":0},"end":{"line":11,"column":15}},"11":{"start":{"line":12,"column":0},"end":{"line":12,"column":16}},"12":{"start":{"line":13,"column":0},"end":{"line":13,"column":35}},"13":{"start":{"line":14,"column":0},"end":{"line":14,"column":17}},"14":{"start":{"line":15,"column":0},"end":{"line":15,"column":16}},"15":{"start":{"line":16,"column":0},"end":{"line":16,"column":12}},"16":{"start":{"line":17,"column":0},"end":{"line":17,"column":1}},"17":{"start":{"line":18,"column":0},"end":{"line":18,"column":1}},"18":{"start":{"line":19,"column":0},"end":{"line":19,"column":1}},"19":{"start":{"line":20,"column":0},"end":{"line":20,"column":0}},"20":{"start":{"line":21,"column":0},"end":{"line":21,"column":40}}},"s":{"0":1,"1":1,"2":1,"3":1,"4":1,"5":1,"6":1,"7":1,"8":1,"9":1,"10":1,"11":1,"12":1,"13":1,"14":1,"15":1,"16":1,"17":1,"18":1,"19":1,"20":1},"branchMap":{"0":{"type":"branch","line":1,"loc":{"start":{"line":1,"column":37},"end":{"line":19,"column":1}},"locations":[{"start":{"line":1,"column":37},"end":{"line":19,"column":1}}]},"1":{"type":"branch","line":19,"loc":{"start":{"line":19,"column":0},"end":{"line":19,"column":1}},"locations":[{"start":{"line":19,"column":0},"end":{"line":19,"column":1}}]}},"b":{"0":[1],"1":[1]},"fnMap":{"0":{"name":"prefix","decl":{"start":{"line":1,"column":37},"end":{"line":19,"column":1}},"loc":{"start":{"line":1,"column":37},"end":{"line":19,"column":1}},"line":1},"1":{"name":"get","decl":{"start":{"line":19,"column":0},"end":{"line":19,"column":1}},"loc":{"start":{"line":19,"column":0},"end":{"line":19,"column":1}},"line":19},"2":{"name":"get","decl":{"start":{"line":21,"column":21},"end":{"line":21,"column":40}},"loc":{"start":{"line":21,"column":21},"end":{"line":21,"column":40}},"line":21}},"f":{"0":1,"1":1,"2":0}}
,"C:\\KLOD\\DO_PUPLIKACJI_GITHUB\\newsletter-creator\\src\\lib\\utils\\sufix.ts": {"path":"C:\\KLOD\\DO_PUPLIKACJI_GITHUB\\newsletter-creator\\src\\lib\\utils\\sufix.ts","all":false,"statementMap":{"0":{"start":{"line":1,"column":0},"end":{"line":1,"column":25}},"1":{"start":{"line":2,"column":0},"end":{"line":2,"column":12}},"2":{"start":{"line":3,"column":0},"end":{"line":3,"column":84}},"3":{"start":{"line":4,"column":0},"end":{"line":4,"column":15}},"4":{"start":{"line":5,"column":0},"end":{"line":5,"column":12}},"5":{"start":{"line":6,"column":0},"end":{"line":6,"column":31}},"6":{"start":{"line":7,"column":0},"end":{"line":7,"column":17}},"7":{"start":{"line":8,"column":0},"end":{"line":8,"column":20}},"8":{"start":{"line":9,"column":0},"end":{"line":9,"column":16}},"9":{"start":{"line":10,"column":0},"end":{"line":10,"column":11}},"10":{"start":{"line":11,"column":0},"end":{"line":11,"column":9}},"11":{"start":{"line":12,"column":0},"end":{"line":12,"column":1}}},"s":{"0":1,"1":1,"2":1,"3":1,"4":1,"5":1,"6":1,"7":1,"8":1,"9":1,"10":1,"11":1},"branchMap":{"0":{"type":"branch","line":1,"loc":{"start":{"line":1,"column":24},"end":{"line":12,"column":1}},"locations":[{"start":{"line":1,"column":24},"end":{"line":12,"column":1}}]},"1":{"type":"branch","line":12,"loc":{"start":{"line":12,"column":0},"end":{"line":12,"column":1}},"locations":[{"start":{"line":12,"column":0},"end":{"line":12,"column":1}}]}},"b":{"0":[1],"1":[1]},"fnMap":{"0":{"name":"sufix","decl":{"start":{"line":1,"column":24},"end":{"line":12,"column":1}},"loc":{"start":{"line":1,"column":24},"end":{"line":12,"column":1}},"line":1},"1":{"name":"get","decl":{"start":{"line":12,"column":0},"end":{"line":12,"column":1}},"loc":{"start":{"line":12,"column":0},"end":{"line":12,"column":1}},"line":12}},"f":{"0":1,"1":1}}
}
